# JRE version: OpenJDK Runtime Environment GraalVM CE 22.3.0 (17.0.5+8) (build 17.0.5+8-jvmci-22.3-b08)
# Java VM: OpenJDK 64-Bit Server VM GraalVM CE 22.3.0 (17.0.5+8-jvmci-22.3-b08, mixed mode, sharing, tiered, jvmci, jvmci compiler, compressed oops, compressed class ptrs, parallel gc, linux-amd64)
GC Precious Log:
 CPUs: 8 total, 1 available
 Memory: 1024M
 Large Page Support: Disabled
 NUMA Support: Disabled
 Compressed Oops: Enabled (32-bit)
 Alignments: Space 512K, Generation 512K, Heap 2M
 Heap Min Capacity: 100M
 Heap Initial Capacity: 100M
 Heap Max Capacity: 512M
 Pre-touch: Disabled
 Parallel Workers: 1
Heap:
 PSYoungGen      total 69120K, used 33792K [0x00000000f5580000, 0x00000000fbf80000, 0x0000000100000000)
  eden space 33792K, 100% used [0x00000000f5580000,0x00000000f7680000,0x00000000f7680000)
  from space 35328K, 0% used [0x00000000f9d00000,0x00000000f9d00000,0x00000000fbf80000)
  to   space 36864K, 0% used [0x00000000f7680000,0x00000000f7680000,0x00000000f9a80000)
 ParOldGen       total 349696K, used 349695K [0x00000000e0000000, 0x00000000f5580000, 0x00000000f5580000)
  object space 349696K, 99% used [0x00000000e0000000,0x00000000f557fff0,0x00000000f5580000)
 Metaspace       used 53929K, committed 54784K, reserved 1097728K
  class space    used 5448K, committed 5760K, reserved 1048576K
GC Heap History (20 events):
Event: 461.635 GC heap before
{Heap before GC invocations=398 (full 273):
 PSYoungGen      total 69120K, used 33792K [0x00000000f5580000, 0x00000000fbf80000, 0x0000000100000000)
  eden space 33792K, 100% used [0x00000000f5580000,0x00000000f7680000,0x00000000f7680000)
  from space 35328K, 0% used [0x00000000f9d00000,0x00000000f9d00000,0x00000000fbf80000)
  to   space 36864K, 0% used [0x00000000f7680000,0x00000000f7680000,0x00000000f9a80000)
 ParOldGen       total 349696K, used 349695K [0x00000000e0000000, 0x00000000f5580000, 0x00000000f5580000)
  object space 349696K, 99% used [0x00000000e0000000,0x00000000f557fff8,0x00000000f5580000)
 Metaspace       used 53929K, committed 54784K, reserved 1097728K
  class space    used 5448K, committed 5760K, reserved 1048576K
}
Event: 462.825 GC heap after
{Heap after GC invocations=398 (full 273):
 PSYoungGen      total 70656K, used 33792K [0x00000000f5580000, 0x00000000fbf80000, 0x0000000100000000)
  eden space 33792K, 100% used [0x00000000f5580000,0x00000000f7680000,0x00000000f7680000)
  from space 36864K, 0% used [0x00000000f7680000,0x00000000f7680000,0x00000000f9a80000)
  to   space 35328K, 0% used [0x00000000f9d00000,0x00000000f9d00000,0x00000000fbf80000)
 ParOldGen       total 349696K, used 349695K [0x00000000e0000000, 0x00000000f5580000, 0x00000000f5580000)
  object space 349696K, 99% used [0x00000000e0000000,0x00000000f557ff50,0x00000000f5580000)
 Metaspace       used 53929K, committed 54784K, reserved 1097728K
  class space    used 5448K, committed 5760K, reserved 1048576K
}
Event: 462.825 GC heap before
{Heap before GC invocations=399 (full 274):
 PSYoungGen      total 70656K, used 33792K [0x00000000f5580000, 0x00000000fbf80000, 0x0000000100000000)
  eden space 33792K, 100% used [0x00000000f5580000,0x00000000f7680000,0x00000000f7680000)
  from space 36864K, 0% used [0x00000000f7680000,0x00000000f7680000,0x00000000f9a80000)
  to   space 35328K, 0% used [0x00000000f9d00000,0x00000000f9d00000,0x00000000fbf80000)
 ParOldGen       total 349696K, used 349696K [0x00000000e0000000, 0x00000000f5580000, 0x00000000f5580000)
  object space 349696K, 100% used [0x00000000e0000000,0x00000000f5580000,0x00000000f5580000)
 Metaspace       used 53929K, committed 54784K, reserved 1097728K
  class space    used 5448K, committed 5760K, reserved 1048576K
}
Event: 464.054 GC heap after
{Heap after GC invocations=399 (full 274):
 PSYoungGen      total 69120K, used 33792K [0x00000000f5580000, 0x00000000fbf80000, 0x0000000100000000)
  eden space 33792K, 100% used [0x00000000f5580000,0x00000000f7680000,0x00000000f7680000)
  from space 35328K, 0% used [0x00000000f9d00000,0x00000000f9d00000,0x00000000fbf80000)
  to   space 36864K, 0% used [0x00000000f7680000,0x00000000f7680000,0x00000000f9a80000)
 ParOldGen       total 349696K, used 349696K [0x00000000e0000000, 0x00000000f5580000, 0x00000000f5580000)
  object space 349696K, 100% used [0x00000000e0000000,0x00000000f5580000,0x00000000f5580000)
 Metaspace       used 53929K, committed 54784K, reserved 1097728K
  class space    used 5448K, committed 5760K, reserved 1048576K
}
Event: 464.054 GC heap before
{Heap before GC invocations=400 (full 275):
 PSYoungGen      total 69120K, used 33792K [0x00000000f5580000, 0x00000000fbf80000, 0x0000000100000000)
  eden space 33792K, 100% used [0x00000000f5580000,0x00000000f7680000,0x00000000f7680000)
  from space 35328K, 0% used [0x00000000f9d00000,0x00000000f9d00000,0x00000000fbf80000)
  to   space 36864K, 0% used [0x00000000f7680000,0x00000000f7680000,0x00000000f9a80000)
 ParOldGen       total 349696K, used 349696K [0x00000000e0000000, 0x00000000f5580000, 0x00000000f5580000)
  object space 349696K, 100% used [0x00000000e0000000,0x00000000f5580000,0x00000000f5580000)
 Metaspace       used 53929K, committed 54784K, reserved 1097728K
  class space    used 5448K, committed 5760K, reserved 1048576K
}
Event: 465.319 GC heap after
{Heap after GC invocations=400 (full 275):
 PSYoungGen      total 70656K, used 33792K [0x00000000f5580000, 0x00000000fbf80000, 0x0000000100000000)
  eden space 33792K, 100% used [0x00000000f5580000,0x00000000f7680000,0x00000000f7680000)
  from space 36864K, 0% used [0x00000000f7680000,0x00000000f7680000,0x00000000f9a80000)
  to   space 35328K, 0% used [0x00000000f9d00000,0x00000000f9d00000,0x00000000fbf80000)
 ParOldGen       total 349696K, used 349695K [0x00000000e0000000, 0x00000000f5580000, 0x00000000f5580000)
  object space 349696K, 99% used [0x00000000e0000000,0x00000000f557ffa8,0x00000000f5580000)
 Metaspace       used 53929K, committed 54784K, reserved 1097728K
  class space    used 5448K, committed 5760K, reserved 1048576K
}
Event: 465.320 GC heap before
{Heap before GC invocations=401 (full 276):
 PSYoungGen      total 70656K, used 33792K [0x00000000f5580000, 0x00000000fbf80000, 0x0000000100000000)
  eden space 33792K, 100% used [0x00000000f5580000,0x00000000f7680000,0x00000000f7680000)
  from space 36864K, 0% used [0x00000000f7680000,0x00000000f7680000,0x00000000f9a80000)
  to   space 35328K, 0% used [0x00000000f9d00000,0x00000000f9d00000,0x00000000fbf80000)
 ParOldGen       total 349696K, used 349695K [0x00000000e0000000, 0x00000000f5580000, 0x00000000f5580000)
  object space 349696K, 99% used [0x00000000e0000000,0x00000000f557ffe8,0x00000000f5580000)
 Metaspace       used 53929K, committed 54784K, reserved 1097728K
  class space    used 5448K, committed 5760K, reserved 1048576K
}
Event: 466.529 GC heap after
{Heap after GC invocations=401 (full 276):
 PSYoungGen      total 69120K, used 33792K [0x00000000f5580000, 0x00000000fbf80000, 0x0000000100000000)
  eden space 33792K, 100% used [0x00000000f5580000,0x00000000f7680000,0x00000000f7680000)
  from space 35328K, 0% used [0x00000000f9d00000,0x00000000f9d00000,0x00000000fbf80000)
  to   space 36864K, 0% used [0x00000000f7680000,0x00000000f7680000,0x00000000f9a80000)
 ParOldGen       total 349696K, used 349695K [0x00000000e0000000, 0x00000000f5580000, 0x00000000f5580000)
  object space 349696K, 99% used [0x00000000e0000000,0x00000000f557ffe8,0x00000000f5580000)
 Metaspace       used 53929K, committed 54784K, reserved 1097728K
  class space    used 5448K, committed 5760K, reserved 1048576K
}
Event: 466.529 GC heap before
{Heap before GC invocations=402 (full 277):
 PSYoungGen      total 69120K, used 33792K [0x00000000f5580000, 0x00000000fbf80000, 0x0000000100000000)
  eden space 33792K, 100% used [0x00000000f5580000,0x00000000f7680000,0x00000000f7680000)
  from space 35328K, 0% used [0x00000000f9d00000,0x00000000f9d00000,0x00000000fbf80000)
  to   space 36864K, 0% used [0x00000000f7680000,0x00000000f7680000,0x00000000f9a80000)
 ParOldGen       total 349696K, used 349695K [0x00000000e0000000, 0x00000000f5580000, 0x00000000f5580000)
  object space 349696K, 99% used [0x00000000e0000000,0x00000000f557ffe8,0x00000000f5580000)
 Metaspace       used 53929K, committed 54784K, reserved 1097728K
  class space    used 5448K, committed 5760K, reserved 1048576K
}
Event: 467.839 GC heap after
{Heap after GC invocations=402 (full 277):
 PSYoungGen      total 70656K, used 33792K [0x00000000f5580000, 0x00000000fbf80000, 0x0000000100000000)
  eden space 33792K, 100% used [0x00000000f5580000,0x00000000f7680000,0x00000000f7680000)
  from space 36864K, 0% used [0x00000000f7680000,0x00000000f7680000,0x00000000f9a80000)
  to   space 35328K, 0% used [0x00000000f9d00000,0x00000000f9d00000,0x00000000fbf80000)
 ParOldGen       total 349696K, used 349695K [0x00000000e0000000, 0x00000000f5580000, 0x00000000f5580000)
  object space 349696K, 99% used [0x00000000e0000000,0x00000000f557ffe8,0x00000000f5580000)
 Metaspace       used 53929K, committed 54784K, reserved 1097728K
  class space    used 5448K, committed 5760K, reserved 1048576K
}
Event: 467.841 GC heap before
{Heap before GC invocations=403 (full 278):
 PSYoungGen      total 70656K, used 33792K [0x00000000f5580000, 0x00000000fbf80000, 0x0000000100000000)
  eden space 33792K, 100% used [0x00000000f5580000,0x00000000f7680000,0x00000000f7680000)
  from space 36864K, 0% used [0x00000000f7680000,0x00000000f7680000,0x00000000f9a80000)
  to   space 35328K, 0% used [0x00000000f9d00000,0x00000000f9d00000,0x00000000fbf80000)
 ParOldGen       total 349696K, used 349695K [0x00000000e0000000, 0x00000000f5580000, 0x00000000f5580000)
  object space 349696K, 99% used [0x00000000e0000000,0x00000000f557ffe8,0x00000000f5580000)
 Metaspace       used 53929K, committed 54784K, reserved 1097728K
  class space    used 5448K, committed 5760K, reserved 1048576K
}
Event: 469.106 GC heap after
{Heap after GC invocations=403 (full 278):
 PSYoungGen      total 69120K, used 33791K [0x00000000f5580000, 0x00000000fbf80000, 0x0000000100000000)
  eden space 33792K, 99% used [0x00000000f5580000,0x00000000f767fff0,0x00000000f7680000)
  from space 35328K, 0% used [0x00000000f9d00000,0x00000000f9d00000,0x00000000fbf80000)
  to   space 36864K, 0% used [0x00000000f7680000,0x00000000f7680000,0x00000000f9a80000)
 ParOldGen       total 349696K, used 349694K [0x00000000e0000000, 0x00000000f5580000, 0x00000000f5580000)
  object space 349696K, 99% used [0x00000000e0000000,0x00000000f557fb50,0x00000000f5580000)
 Metaspace       used 53929K, committed 54784K, reserved 1097728K
  class space    used 5448K, committed 5760K, reserved 1048576K
}
Event: 469.107 GC heap before
{Heap before GC invocations=404 (full 279):
 PSYoungGen      total 69120K, used 33792K [0x00000000f5580000, 0x00000000fbf80000, 0x0000000100000000)
  eden space 33792K, 100% used [0x00000000f5580000,0x00000000f7680000,0x00000000f7680000)
  from space 35328K, 0% used [0x00000000f9d00000,0x00000000f9d00000,0x00000000fbf80000)
  to   space 36864K, 0% used [0x00000000f7680000,0x00000000f7680000,0x00000000f9a80000)
 ParOldGen       total 349696K, used 349695K [0x00000000e0000000, 0x00000000f5580000, 0x00000000f5580000)
  object space 349696K, 99% used [0x00000000e0000000,0x00000000f557ffe0,0x00000000f5580000)
 Metaspace       used 53929K, committed 54784K, reserved 1097728K
  class space    used 5448K, committed 5760K, reserved 1048576K
}
Event: 470.905 GC heap after
{Heap after GC invocations=404 (full 279):
 PSYoungGen      total 70656K, used 33792K [0x00000000f5580000, 0x00000000fbf80000, 0x0000000100000000)
  eden space 33792K, 100% used [0x00000000f5580000,0x00000000f7680000,0x00000000f7680000)
  from space 36864K, 0% used [0x00000000f7680000,0x00000000f7680000,0x00000000f9a80000)
  to   space 35328K, 0% used [0x00000000f9d00000,0x00000000f9d00000,0x00000000fbf80000)
 ParOldGen       total 349696K, used 349694K [0x00000000e0000000, 0x00000000f5580000, 0x00000000f5580000)
  object space 349696K, 99% used [0x00000000e0000000,0x00000000f557fba8,0x00000000f5580000)
 Metaspace       used 53929K, committed 54784K, reserved 1097728K
  class space    used 5448K, committed 5760K, reserved 1048576K
}
Event: 470.908 GC heap before
{Heap before GC invocations=405 (full 280):
 PSYoungGen      total 70656K, used 33792K [0x00000000f5580000, 0x00000000fbf80000, 0x0000000100000000)
  eden space 33792K, 100% used [0x00000000f5580000,0x00000000f7680000,0x00000000f7680000)
  from space 36864K, 0% used [0x00000000f7680000,0x00000000f7680000,0x00000000f9a80000)
  to   space 35328K, 0% used [0x00000000f9d00000,0x00000000f9d00000,0x00000000fbf80000)
 ParOldGen       total 349696K, used 349695K [0x00000000e0000000, 0x00000000f5580000, 0x00000000f5580000)
  object space 349696K, 99% used [0x00000000e0000000,0x00000000f557fef8,0x00000000f5580000)
 Metaspace       used 53929K, committed 54784K, reserved 1097728K
  class space    used 5448K, committed 5760K, reserved 1048576K
}
Event: 472.909 GC heap after
{Heap after GC invocations=405 (full 280):
 PSYoungGen      total 69120K, used 33792K [0x00000000f5580000, 0x00000000fbf80000, 0x0000000100000000)
  eden space 33792K, 100% used [0x00000000f5580000,0x00000000f7680000,0x00000000f7680000)
  from space 35328K, 0% used [0x00000000f9d00000,0x00000000f9d00000,0x00000000fbf80000)
  to   space 36864K, 0% used [0x00000000f7680000,0x00000000f7680000,0x00000000f9a80000)
 ParOldGen       total 349696K, used 349695K [0x00000000e0000000, 0x00000000f5580000, 0x00000000f5580000)
  object space 349696K, 99% used [0x00000000e0000000,0x00000000f557fcb8,0x00000000f5580000)
 Metaspace       used 53929K, committed 54784K, reserved 1097728K
  class space    used 5448K, committed 5760K, reserved 1048576K
}
Event: 472.910 GC heap before
{Heap before GC invocations=406 (full 281):
 PSYoungGen      total 69120K, used 33792K [0x00000000f5580000, 0x00000000fbf80000, 0x0000000100000000)
  eden space 33792K, 100% used [0x00000000f5580000,0x00000000f7680000,0x00000000f7680000)
  from space 35328K, 0% used [0x00000000f9d00000,0x00000000f9d00000,0x00000000fbf80000)
  to   space 36864K, 0% used [0x00000000f7680000,0x00000000f7680000,0x00000000f9a80000)
 ParOldGen       total 349696K, used 349695K [0x00000000e0000000, 0x00000000f5580000, 0x00000000f5580000)
  object space 349696K, 99% used [0x00000000e0000000,0x00000000f557fd70,0x00000000f5580000)
 Metaspace       used 53929K, committed 54784K, reserved 1097728K
  class space    used 5448K, committed 5760K, reserved 1048576K
}
Event: 475.039 GC heap after
{Heap after GC invocations=406 (full 281):
 PSYoungGen      total 70656K, used 33792K [0x00000000f5580000, 0x00000000fbf80000, 0x0000000100000000)
  eden space 33792K, 100% used [0x00000000f5580000,0x00000000f7680000,0x00000000f7680000)
  from space 36864K, 0% used [0x00000000f7680000,0x00000000f7680000,0x00000000f9a80000)
  to   space 35328K, 0% used [0x00000000f9d00000,0x00000000f9d00000,0x00000000fbf80000)
 ParOldGen       total 349696K, used 349695K [0x00000000e0000000, 0x00000000f5580000, 0x00000000f5580000)
  object space 349696K, 99% used [0x00000000e0000000,0x00000000f557fcb0,0x00000000f5580000)
 Metaspace       used 53929K, committed 54784K, reserved 1097728K
  class space    used 5448K, committed 5760K, reserved 1048576K
}
Event: 475.039 GC heap before
{Heap before GC invocations=407 (full 282):
 PSYoungGen      total 70656K, used 33792K [0x00000000f5580000, 0x00000000fbf80000, 0x0000000100000000)
  eden space 33792K, 100% used [0x00000000f5580000,0x00000000f7680000,0x00000000f7680000)
  from space 36864K, 0% used [0x00000000f7680000,0x00000000f7680000,0x00000000f9a80000)
  to   space 35328K, 0% used [0x00000000f9d00000,0x00000000f9d00000,0x00000000fbf80000)
 ParOldGen       total 349696K, used 349695K [0x00000000e0000000, 0x00000000f5580000, 0x00000000f5580000)
  object space 349696K, 99% used [0x00000000e0000000,0x00000000f557fcb0,0x00000000f5580000)
 Metaspace       used 53929K, committed 54784K, reserved 1097728K
  class space    used 5448K, committed 5760K, reserved 1048576K
}
Event: 477.023 GC heap after
{Heap after GC invocations=407 (full 282):
 PSYoungGen      total 69120K, used 33792K [0x00000000f5580000, 0x00000000fbf80000, 0x0000000100000000)
  eden space 33792K, 100% used [0x00000000f5580000,0x00000000f7680000,0x00000000f7680000)
  from space 35328K, 0% used [0x00000000f9d00000,0x00000000f9d00000,0x00000000fbf80000)
  to   space 36864K, 0% used [0x00000000f7680000,0x00000000f7680000,0x00000000f9a80000)
 ParOldGen       total 349696K, used 349695K [0x00000000e0000000, 0x00000000f5580000, 0x00000000f5580000)
  object space 349696K, 99% used [0x00000000e0000000,0x00000000f557fcb0,0x00000000f5580000)
 Metaspace       used 53929K, committed 54784K, reserved 1097728K
  class space    used 5448K, committed 5760K, reserved 1048576K
}

