# JRE version: OpenJDK Runtime Environment GraalVM CE 22.3.0 (17.0.5+8) (build 17.0.5+8-jvmci-22.3-b08)
# Java VM: OpenJDK 64-Bit Server VM GraalVM CE 22.3.0 (17.0.5+8-jvmci-22.3-b08, mixed mode, sharing, tiered, jvmci, jvmci compiler, compressed oops, compressed class ptrs, parallel gc, linux-amd64)
GC Precious Log:
 CPUs: 8 total, 1 available
 Memory: 1024M
 Large Page Support: Disabled
 NUMA Support: Disabled
 Compressed Oops: Enabled (32-bit)
 Alignments: Space 512K, Generation 512K, Heap 2M
 Heap Min Capacity: 100M
 Heap Initial Capacity: 100M
 Heap Max Capacity: 512M
 Pre-touch: Disabled
 Parallel Workers: 1
Heap:
 PSYoungGen      total 46080K, used 25600K [0x00000000f5580000, 0x00000000f9780000, 0x0000000100000000)
  eden space 25600K, 100% used [0x00000000f5580000,0x00000000f6e80000,0x00000000f6e80000)
  from space 20480K, 0% used [0x00000000f6e80000,0x00000000f6e80000,0x00000000f8280000)
  to   space 20480K, 0% used [0x00000000f8280000,0x00000000f8280000,0x00000000f9680000)
 ParOldGen       total 349696K, used 349694K [0x00000000e0000000, 0x00000000f5580000, 0x00000000f5580000)
  object space 349696K, 99% used [0x00000000e0000000,0x00000000f557fa40,0x00000000f5580000)
 Metaspace       used 53977K, committed 54912K, reserved 1097728K
  class space    used 5427K, committed 5824K, reserved 1048576K
GC Heap History (20 events):
Event: 482.930 GC heap before
{Heap before GC invocations=402 (full 304):
 PSYoungGen      total 46080K, used 25600K [0x00000000f5580000, 0x00000000f9780000, 0x0000000100000000)
  eden space 25600K, 100% used [0x00000000f5580000,0x00000000f6e80000,0x00000000f6e80000)
  from space 20480K, 0% used [0x00000000f6e80000,0x00000000f6e80000,0x00000000f8280000)
  to   space 20480K, 0% used [0x00000000f8280000,0x00000000f8280000,0x00000000f9680000)
 ParOldGen       total 349696K, used 349691K [0x00000000e0000000, 0x00000000f5580000, 0x00000000f5580000)
  object space 349696K, 99% used [0x00000000e0000000,0x00000000f557ec40,0x00000000f5580000)
 Metaspace       used 53977K, committed 54912K, reserved 1097728K
  class space    used 5427K, committed 5824K, reserved 1048576K
}
Event: 484.113 GC heap after
{Heap after GC invocations=402 (full 304):
 PSYoungGen      total 46080K, used 25600K [0x00000000f5580000, 0x00000000f9780000, 0x0000000100000000)
  eden space 25600K, 100% used [0x00000000f5580000,0x00000000f6e80000,0x00000000f6e80000)
  from space 20480K, 0% used [0x00000000f8280000,0x00000000f8280000,0x00000000f9680000)
  to   space 20480K, 0% used [0x00000000f6e80000,0x00000000f6e80000,0x00000000f8280000)
 ParOldGen       total 349696K, used 349688K [0x00000000e0000000, 0x00000000f5580000, 0x00000000f5580000)
  object space 349696K, 99% used [0x00000000e0000000,0x00000000f557e3f8,0x00000000f5580000)
 Metaspace       used 53977K, committed 54912K, reserved 1097728K
  class space    used 5427K, committed 5824K, reserved 1048576K
}
Event: 484.113 GC heap before
{Heap before GC invocations=403 (full 305):
 PSYoungGen      total 46080K, used 25600K [0x00000000f5580000, 0x00000000f9780000, 0x0000000100000000)
  eden space 25600K, 100% used [0x00000000f5580000,0x00000000f6e80000,0x00000000f6e80000)
  from space 20480K, 0% used [0x00000000f8280000,0x00000000f8280000,0x00000000f9680000)
  to   space 20480K, 0% used [0x00000000f6e80000,0x00000000f6e80000,0x00000000f8280000)
 ParOldGen       total 349696K, used 349691K [0x00000000e0000000, 0x00000000f5580000, 0x00000000f5580000)
  object space 349696K, 99% used [0x00000000e0000000,0x00000000f557ec78,0x00000000f5580000)
 Metaspace       used 53977K, committed 54912K, reserved 1097728K
  class space    used 5427K, committed 5824K, reserved 1048576K
}
Event: 485.226 GC heap after
{Heap after GC invocations=403 (full 305):
 PSYoungGen      total 46080K, used 25600K [0x00000000f5580000, 0x00000000f9780000, 0x0000000100000000)
  eden space 25600K, 100% used [0x00000000f5580000,0x00000000f6e80000,0x00000000f6e80000)
  from space 20480K, 0% used [0x00000000f6e80000,0x00000000f6e80000,0x00000000f8280000)
  to   space 20480K, 0% used [0x00000000f8280000,0x00000000f8280000,0x00000000f9680000)
 ParOldGen       total 349696K, used 349689K [0x00000000e0000000, 0x00000000f5580000, 0x00000000f5580000)
  object space 349696K, 99% used [0x00000000e0000000,0x00000000f557e780,0x00000000f5580000)
 Metaspace       used 53977K, committed 54912K, reserved 1097728K
  class space    used 5427K, committed 5824K, reserved 1048576K
}
Event: 485.226 GC heap before
{Heap before GC invocations=404 (full 306):
 PSYoungGen      total 46080K, used 25600K [0x00000000f5580000, 0x00000000f9780000, 0x0000000100000000)
  eden space 25600K, 100% used [0x00000000f5580000,0x00000000f6e80000,0x00000000f6e80000)
  from space 20480K, 0% used [0x00000000f6e80000,0x00000000f6e80000,0x00000000f8280000)
  to   space 20480K, 0% used [0x00000000f8280000,0x00000000f8280000,0x00000000f9680000)
 ParOldGen       total 349696K, used 349692K [0x00000000e0000000, 0x00000000f5580000, 0x00000000f5580000)
  object space 349696K, 99% used [0x00000000e0000000,0x00000000f557f3f0,0x00000000f5580000)
 Metaspace       used 53977K, committed 54912K, reserved 1097728K
  class space    used 5427K, committed 5824K, reserved 1048576K
}
Event: 486.510 GC heap after
{Heap after GC invocations=404 (full 306):
 PSYoungGen      total 46080K, used 25599K [0x00000000f5580000, 0x00000000f9780000, 0x0000000100000000)
  eden space 25600K, 99% used [0x00000000f5580000,0x00000000f6e7ff58,0x00000000f6e80000)
  from space 20480K, 0% used [0x00000000f8280000,0x00000000f8280000,0x00000000f9680000)
  to   space 20480K, 0% used [0x00000000f6e80000,0x00000000f6e80000,0x00000000f8280000)
 ParOldGen       total 349696K, used 349692K [0x00000000e0000000, 0x00000000f5580000, 0x00000000f5580000)
  object space 349696K, 99% used [0x00000000e0000000,0x00000000f557f040,0x00000000f5580000)
 Metaspace       used 53977K, committed 54912K, reserved 1097728K
  class space    used 5427K, committed 5824K, reserved 1048576K
}
Event: 486.510 GC heap before
{Heap before GC invocations=405 (full 307):
 PSYoungGen      total 46080K, used 25599K [0x00000000f5580000, 0x00000000f9780000, 0x0000000100000000)
  eden space 25600K, 99% used [0x00000000f5580000,0x00000000f6e7ffd8,0x00000000f6e80000)
  from space 20480K, 0% used [0x00000000f8280000,0x00000000f8280000,0x00000000f9680000)
  to   space 20480K, 0% used [0x00000000f6e80000,0x00000000f6e80000,0x00000000f8280000)
 ParOldGen       total 349696K, used 349692K [0x00000000e0000000, 0x00000000f5580000, 0x00000000f5580000)
  object space 349696K, 99% used [0x00000000e0000000,0x00000000f557f040,0x00000000f5580000)
 Metaspace       used 53977K, committed 54912K, reserved 1097728K
  class space    used 5427K, committed 5824K, reserved 1048576K
}
Event: 487.823 GC heap after
{Heap after GC invocations=405 (full 307):
 PSYoungGen      total 46080K, used 25599K [0x00000000f5580000, 0x00000000f9780000, 0x0000000100000000)
  eden space 25600K, 99% used [0x00000000f5580000,0x00000000f6e7ffc0,0x00000000f6e80000)
  from space 20480K, 0% used [0x00000000f6e80000,0x00000000f6e80000,0x00000000f8280000)
  to   space 20480K, 0% used [0x00000000f8280000,0x00000000f8280000,0x00000000f9680000)
 ParOldGen       total 349696K, used 349692K [0x00000000e0000000, 0x00000000f5580000, 0x00000000f5580000)
  object space 349696K, 99% used [0x00000000e0000000,0x00000000f557f020,0x00000000f5580000)
 Metaspace       used 53977K, committed 54912K, reserved 1097728K
  class space    used 5427K, committed 5824K, reserved 1048576K
}
Event: 487.826 GC heap before
{Heap before GC invocations=406 (full 308):
 PSYoungGen      total 46080K, used 25599K [0x00000000f5580000, 0x00000000f9780000, 0x0000000100000000)
  eden space 25600K, 99% used [0x00000000f5580000,0x00000000f6e7fff0,0x00000000f6e80000)
  from space 20480K, 0% used [0x00000000f6e80000,0x00000000f6e80000,0x00000000f8280000)
  to   space 20480K, 0% used [0x00000000f8280000,0x00000000f8280000,0x00000000f9680000)
 ParOldGen       total 349696K, used 349692K [0x00000000e0000000, 0x00000000f5580000, 0x00000000f5580000)
  object space 349696K, 99% used [0x00000000e0000000,0x00000000f557f020,0x00000000f5580000)
 Metaspace       used 53977K, committed 54912K, reserved 1097728K
  class space    used 5427K, committed 5824K, reserved 1048576K
}
Event: 489.119 GC heap after
{Heap after GC invocations=406 (full 308):
 PSYoungGen      total 46080K, used 25599K [0x00000000f5580000, 0x00000000f9780000, 0x0000000100000000)
  eden space 25600K, 99% used [0x00000000f5580000,0x00000000f6e7ffd0,0x00000000f6e80000)
  from space 20480K, 0% used [0x00000000f8280000,0x00000000f8280000,0x00000000f9680000)
  to   space 20480K, 0% used [0x00000000f6e80000,0x00000000f6e80000,0x00000000f8280000)
 ParOldGen       total 349696K, used 349692K [0x00000000e0000000, 0x00000000f5580000, 0x00000000f5580000)
  object space 349696K, 99% used [0x00000000e0000000,0x00000000f557f008,0x00000000f5580000)
 Metaspace       used 53977K, committed 54912K, reserved 1097728K
  class space    used 5427K, committed 5824K, reserved 1048576K
}
Event: 489.120 GC heap before
{Heap before GC invocations=407 (full 309):
 PSYoungGen      total 46080K, used 25599K [0x00000000f5580000, 0x00000000f9780000, 0x0000000100000000)
  eden space 25600K, 99% used [0x00000000f5580000,0x00000000f6e7ffe8,0x00000000f6e80000)
  from space 20480K, 0% used [0x00000000f8280000,0x00000000f8280000,0x00000000f9680000)
  to   space 20480K, 0% used [0x00000000f6e80000,0x00000000f6e80000,0x00000000f8280000)
 ParOldGen       total 349696K, used 349692K [0x00000000e0000000, 0x00000000f5580000, 0x00000000f5580000)
  object space 349696K, 99% used [0x00000000e0000000,0x00000000f557f008,0x00000000f5580000)
 Metaspace       used 53977K, committed 54912K, reserved 1097728K
  class space    used 5427K, committed 5824K, reserved 1048576K
}
Event: 490.513 GC heap after
{Heap after GC invocations=407 (full 309):
 PSYoungGen      total 46080K, used 25599K [0x00000000f5580000, 0x00000000f9780000, 0x0000000100000000)
  eden space 25600K, 99% used [0x00000000f5580000,0x00000000f6e7ffe8,0x00000000f6e80000)
  from space 20480K, 0% used [0x00000000f6e80000,0x00000000f6e80000,0x00000000f8280000)
  to   space 20480K, 0% used [0x00000000f8280000,0x00000000f8280000,0x00000000f9680000)
 ParOldGen       total 349696K, used 349692K [0x00000000e0000000, 0x00000000f5580000, 0x00000000f5580000)
  object space 349696K, 99% used [0x00000000e0000000,0x00000000f557f008,0x00000000f5580000)
 Metaspace       used 53977K, committed 54912K, reserved 1097728K
  class space    used 5427K, committed 5824K, reserved 1048576K
}
Event: 490.513 GC heap before
{Heap before GC invocations=408 (full 310):
 PSYoungGen      total 46080K, used 25600K [0x00000000f5580000, 0x00000000f9780000, 0x0000000100000000)
  eden space 25600K, 100% used [0x00000000f5580000,0x00000000f6e80000,0x00000000f6e80000)
  from space 20480K, 0% used [0x00000000f6e80000,0x00000000f6e80000,0x00000000f8280000)
  to   space 20480K, 0% used [0x00000000f8280000,0x00000000f8280000,0x00000000f9680000)
 ParOldGen       total 349696K, used 349695K [0x00000000e0000000, 0x00000000f5580000, 0x00000000f5580000)
  object space 349696K, 99% used [0x00000000e0000000,0x00000000f557fc38,0x00000000f5580000)
 Metaspace       used 53977K, committed 54912K, reserved 1097728K
  class space    used 5427K, committed 5824K, reserved 1048576K
}
Event: 491.699 GC heap after
{Heap after GC invocations=408 (full 310):
 PSYoungGen      total 46080K, used 25599K [0x00000000f5580000, 0x00000000f9780000, 0x0000000100000000)
  eden space 25600K, 99% used [0x00000000f5580000,0x00000000f6e7ffd0,0x00000000f6e80000)
  from space 20480K, 0% used [0x00000000f8280000,0x00000000f8280000,0x00000000f9680000)
  to   space 20480K, 0% used [0x00000000f6e80000,0x00000000f6e80000,0x00000000f8280000)
 ParOldGen       total 349696K, used 349694K [0x00000000e0000000, 0x00000000f5580000, 0x00000000f5580000)
  object space 349696K, 99% used [0x00000000e0000000,0x00000000f557f998,0x00000000f5580000)
 Metaspace       used 53977K, committed 54912K, reserved 1097728K
  class space    used 5427K, committed 5824K, reserved 1048576K
}
Event: 491.700 GC heap before
{Heap before GC invocations=409 (full 311):
 PSYoungGen      total 46080K, used 25600K [0x00000000f5580000, 0x00000000f9780000, 0x0000000100000000)
  eden space 25600K, 100% used [0x00000000f5580000,0x00000000f6e80000,0x00000000f6e80000)
  from space 20480K, 0% used [0x00000000f8280000,0x00000000f8280000,0x00000000f9680000)
  to   space 20480K, 0% used [0x00000000f6e80000,0x00000000f6e80000,0x00000000f8280000)
 ParOldGen       total 349696K, used 349694K [0x00000000e0000000, 0x00000000f5580000, 0x00000000f5580000)
  object space 349696K, 99% used [0x00000000e0000000,0x00000000f557f998,0x00000000f5580000)
 Metaspace       used 53977K, committed 54912K, reserved 1097728K
  class space    used 5427K, committed 5824K, reserved 1048576K
}
Event: 492.987 GC heap after
{Heap after GC invocations=409 (full 311):
 PSYoungGen      total 46080K, used 25600K [0x00000000f5580000, 0x00000000f9780000, 0x0000000100000000)
  eden space 25600K, 100% used [0x00000000f5580000,0x00000000f6e80000,0x00000000f6e80000)
  from space 20480K, 0% used [0x00000000f6e80000,0x00000000f6e80000,0x00000000f8280000)
  to   space 20480K, 0% used [0x00000000f8280000,0x00000000f8280000,0x00000000f9680000)
 ParOldGen       total 349696K, used 349694K [0x00000000e0000000, 0x00000000f5580000, 0x00000000f5580000)
  object space 349696K, 99% used [0x00000000e0000000,0x00000000f557f998,0x00000000f5580000)
 Metaspace       used 53977K, committed 54912K, reserved 1097728K
  class space    used 5427K, committed 5824K, reserved 1048576K
}
Event: 492.989 GC heap before
{Heap before GC invocations=410 (full 312):
 PSYoungGen      total 46080K, used 25600K [0x00000000f5580000, 0x00000000f9780000, 0x0000000100000000)
  eden space 25600K, 100% used [0x00000000f5580000,0x00000000f6e80000,0x00000000f6e80000)
  from space 20480K, 0% used [0x00000000f6e80000,0x00000000f6e80000,0x00000000f8280000)
  to   space 20480K, 0% used [0x00000000f8280000,0x00000000f8280000,0x00000000f9680000)
 ParOldGen       total 349696K, used 349695K [0x00000000e0000000, 0x00000000f5580000, 0x00000000f5580000)
  object space 349696K, 99% used [0x00000000e0000000,0x00000000f557fcb8,0x00000000f5580000)
 Metaspace       used 53977K, committed 54912K, reserved 1097728K
  class space    used 5427K, committed 5824K, reserved 1048576K
}
Event: 494.278 GC heap after
{Heap after GC invocations=410 (full 312):
 PSYoungGen      total 46080K, used 25599K [0x00000000f5580000, 0x00000000f9780000, 0x0000000100000000)
  eden space 25600K, 99% used [0x00000000f5580000,0x00000000f6e7ffe8,0x00000000f6e80000)
  from space 20480K, 0% used [0x00000000f8280000,0x00000000f8280000,0x00000000f9680000)
  to   space 20480K, 0% used [0x00000000f6e80000,0x00000000f6e80000,0x00000000f8280000)
 ParOldGen       total 349696K, used 349694K [0x00000000e0000000, 0x00000000f5580000, 0x00000000f5580000)
  object space 349696K, 99% used [0x00000000e0000000,0x00000000f557fa58,0x00000000f5580000)
 Metaspace       used 53977K, committed 54912K, reserved 1097728K
  class space    used 5427K, committed 5824K, reserved 1048576K
}
Event: 494.278 GC heap before
{Heap before GC invocations=411 (full 313):
 PSYoungGen      total 46080K, used 25599K [0x00000000f5580000, 0x00000000f9780000, 0x0000000100000000)
  eden space 25600K, 99% used [0x00000000f5580000,0x00000000f6e7ffe8,0x00000000f6e80000)
  from space 20480K, 0% used [0x00000000f8280000,0x00000000f8280000,0x00000000f9680000)
  to   space 20480K, 0% used [0x00000000f6e80000,0x00000000f6e80000,0x00000000f8280000)
 ParOldGen       total 349696K, used 349694K [0x00000000e0000000, 0x00000000f5580000, 0x00000000f5580000)
  object space 349696K, 99% used [0x00000000e0000000,0x00000000f557fa58,0x00000000f5580000)
 Metaspace       used 53977K, committed 54912K, reserved 1097728K
  class space    used 5427K, committed 5824K, reserved 1048576K
}
Event: 495.482 GC heap after
{Heap after GC invocations=411 (full 313):
 PSYoungGen      total 46080K, used 25599K [0x00000000f5580000, 0x00000000f9780000, 0x0000000100000000)
  eden space 25600K, 99% used [0x00000000f5580000,0x00000000f6e7ff38,0x00000000f6e80000)
  from space 20480K, 0% used [0x00000000f6e80000,0x00000000f6e80000,0x00000000f8280000)
  to   space 20480K, 0% used [0x00000000f8280000,0x00000000f8280000,0x00000000f9680000)
 ParOldGen       total 349696K, used 349693K [0x00000000e0000000, 0x00000000f5580000, 0x00000000f5580000)
  object space 349696K, 99% used [0x00000000e0000000,0x00000000f557f7b0,0x00000000f5580000)
 Metaspace       used 53977K, committed 54912K, reserved 1097728K
  class space    used 5427K, committed 5824K, reserved 1048576K
}

