# JRE version: OpenJDK Runtime Environment GraalVM CE 22.3.0 (17.0.5+8) (build 17.0.5+8-jvmci-22.3-b08)
# Java VM: OpenJDK 64-Bit Server VM GraalVM CE 22.3.0 (17.0.5+8-jvmci-22.3-b08, mixed mode, sharing, tiered, jvmci, jvmci compiler, compressed oops, compressed class ptrs, parallel gc, linux-amd64)
GC Precious Log:
 CPUs: 8 total, 1 available
 Memory: 1024M
 Large Page Support: Disabled
 NUMA Support: Disabled
 Compressed Oops: Enabled (32-bit)
 Alignments: Space 512K, Generation 512K, Heap 2M
 Heap Min Capacity: 100M
 Heap Initial Capacity: 100M
 Heap Max Capacity: 512M
 Pre-touch: Disabled
 Parallel Workers: 1
Heap:
 PSYoungGen      total 32256K, used 14847K [0x00000000f5580000, 0x00000000f8700000, 0x0000000100000000)
  eden space 14848K, 99% used [0x00000000f5580000,0x00000000f63ffff8,0x00000000f6400000)
  from space 17408K, 0% used [0x00000000f7600000,0x00000000f7600000,0x00000000f8700000)
  to   space 17920K, 0% used [0x00000000f6400000,0x00000000f6400000,0x00000000f7580000)
 ParOldGen       total 349696K, used 349696K [0x00000000e0000000, 0x00000000f5580000, 0x00000000f5580000)
  object space 349696K, 100% used [0x00000000e0000000,0x00000000f5580000,0x00000000f5580000)
 Metaspace       used 63196K, committed 64128K, reserved 1114112K
  class space    used 5905K, committed 6336K, reserved 1048576K
GC Heap History (20 events):
Event: 2367.854 GC heap before
{Heap before GC invocations=1819 (full 1596):
 PSYoungGen      total 32256K, used 14848K [0x00000000f5580000, 0x00000000f8700000, 0x0000000100000000)
  eden space 14848K, 100% used [0x00000000f5580000,0x00000000f6400000,0x00000000f6400000)
  from space 17408K, 0% used [0x00000000f7600000,0x00000000f7600000,0x00000000f8700000)
  to   space 17920K, 0% used [0x00000000f6400000,0x00000000f6400000,0x00000000f7580000)
 ParOldGen       total 349696K, used 349695K [0x00000000e0000000, 0x00000000f5580000, 0x00000000f5580000)
  object space 349696K, 99% used [0x00000000e0000000,0x00000000f557fff0,0x00000000f5580000)
 Metaspace       used 63196K, committed 64128K, reserved 1114112K
  class space    used 5905K, committed 6336K, reserved 1048576K
}
Event: 2369.190 GC heap after
{Heap after GC invocations=1819 (full 1596):
 PSYoungGen      total 32768K, used 14847K [0x00000000f5580000, 0x00000000f8700000, 0x0000000100000000)
  eden space 14848K, 99% used [0x00000000f5580000,0x00000000f63fff28,0x00000000f6400000)
  from space 17920K, 0% used [0x00000000f6400000,0x00000000f6400000,0x00000000f7580000)
  to   space 17408K, 0% used [0x00000000f7600000,0x00000000f7600000,0x00000000f8700000)
 ParOldGen       total 349696K, used 349695K [0x00000000e0000000, 0x00000000f5580000, 0x00000000f5580000)
  object space 349696K, 99% used [0x00000000e0000000,0x00000000f557ff98,0x00000000f5580000)
 Metaspace       used 63196K, committed 64128K, reserved 1114112K
  class space    used 5905K, committed 6336K, reserved 1048576K
}
Event: 2369.191 GC heap before
{Heap before GC invocations=1820 (full 1597):
 PSYoungGen      total 32768K, used 14848K [0x00000000f5580000, 0x00000000f8700000, 0x0000000100000000)
  eden space 14848K, 100% used [0x00000000f5580000,0x00000000f6400000,0x00000000f6400000)
  from space 17920K, 0% used [0x00000000f6400000,0x00000000f6400000,0x00000000f7580000)
  to   space 17408K, 0% used [0x00000000f7600000,0x00000000f7600000,0x00000000f8700000)
 ParOldGen       total 349696K, used 349695K [0x00000000e0000000, 0x00000000f5580000, 0x00000000f5580000)
  object space 349696K, 99% used [0x00000000e0000000,0x00000000f557ff98,0x00000000f5580000)
 Metaspace       used 63196K, committed 64128K, reserved 1114112K
  class space    used 5905K, committed 6336K, reserved 1048576K
}
Event: 2370.406 GC heap after
{Heap after GC invocations=1820 (full 1597):
 PSYoungGen      total 32256K, used 14847K [0x00000000f5580000, 0x00000000f8700000, 0x0000000100000000)
  eden space 14848K, 99% used [0x00000000f5580000,0x00000000f63ffec0,0x00000000f6400000)
  from space 17408K, 0% used [0x00000000f7600000,0x00000000f7600000,0x00000000f8700000)
  to   space 17920K, 0% used [0x00000000f6400000,0x00000000f6400000,0x00000000f7580000)
 ParOldGen       total 349696K, used 349695K [0x00000000e0000000, 0x00000000f5580000, 0x00000000f5580000)
  object space 349696K, 99% used [0x00000000e0000000,0x00000000f557ff98,0x00000000f5580000)
 Metaspace       used 63196K, committed 64128K, reserved 1114112K
  class space    used 5905K, committed 6336K, reserved 1048576K
}
Event: 2370.406 GC heap before
{Heap before GC invocations=1821 (full 1598):
 PSYoungGen      total 32256K, used 14848K [0x00000000f5580000, 0x00000000f8700000, 0x0000000100000000)
  eden space 14848K, 100% used [0x00000000f5580000,0x00000000f6400000,0x00000000f6400000)
  from space 17408K, 0% used [0x00000000f7600000,0x00000000f7600000,0x00000000f8700000)
  to   space 17920K, 0% used [0x00000000f6400000,0x00000000f6400000,0x00000000f7580000)
 ParOldGen       total 349696K, used 349695K [0x00000000e0000000, 0x00000000f5580000, 0x00000000f5580000)
  object space 349696K, 99% used [0x00000000e0000000,0x00000000f557ff98,0x00000000f5580000)
 Metaspace       used 63196K, committed 64128K, reserved 1114112K
  class space    used 5905K, committed 6336K, reserved 1048576K
}
Event: 2371.677 GC heap after
{Heap after GC invocations=1821 (full 1598):
 PSYoungGen      total 32768K, used 14847K [0x00000000f5580000, 0x00000000f8700000, 0x0000000100000000)
  eden space 14848K, 99% used [0x00000000f5580000,0x00000000f63fffd0,0x00000000f6400000)
  from space 17920K, 0% used [0x00000000f6400000,0x00000000f6400000,0x00000000f7580000)
  to   space 17408K, 0% used [0x00000000f7600000,0x00000000f7600000,0x00000000f8700000)
 ParOldGen       total 349696K, used 349695K [0x00000000e0000000, 0x00000000f5580000, 0x00000000f5580000)
  object space 349696K, 99% used [0x00000000e0000000,0x00000000f557ff78,0x00000000f5580000)
 Metaspace       used 63196K, committed 64128K, reserved 1114112K
  class space    used 5905K, committed 6336K, reserved 1048576K
}
Event: 2371.678 GC heap before
{Heap before GC invocations=1822 (full 1599):
 PSYoungGen      total 32768K, used 14847K [0x00000000f5580000, 0x00000000f8700000, 0x0000000100000000)
  eden space 14848K, 99% used [0x00000000f5580000,0x00000000f63ffff8,0x00000000f6400000)
  from space 17920K, 0% used [0x00000000f6400000,0x00000000f6400000,0x00000000f7580000)
  to   space 17408K, 0% used [0x00000000f7600000,0x00000000f7600000,0x00000000f8700000)
 ParOldGen       total 349696K, used 349695K [0x00000000e0000000, 0x00000000f5580000, 0x00000000f5580000)
  object space 349696K, 99% used [0x00000000e0000000,0x00000000f557ff78,0x00000000f5580000)
 Metaspace       used 63196K, committed 64128K, reserved 1114112K
  class space    used 5905K, committed 6336K, reserved 1048576K
}
Event: 2373.003 GC heap after
{Heap after GC invocations=1822 (full 1599):
 PSYoungGen      total 32256K, used 14847K [0x00000000f5580000, 0x00000000f8700000, 0x0000000100000000)
  eden space 14848K, 99% used [0x00000000f5580000,0x00000000f63ffff8,0x00000000f6400000)
  from space 17408K, 0% used [0x00000000f7600000,0x00000000f7600000,0x00000000f8700000)
  to   space 17920K, 0% used [0x00000000f6400000,0x00000000f6400000,0x00000000f7580000)
 ParOldGen       total 349696K, used 349695K [0x00000000e0000000, 0x00000000f5580000, 0x00000000f5580000)
  object space 349696K, 99% used [0x00000000e0000000,0x00000000f557ff78,0x00000000f5580000)
 Metaspace       used 63196K, committed 64128K, reserved 1114112K
  class space    used 5905K, committed 6336K, reserved 1048576K
}
Event: 2373.005 GC heap before
{Heap before GC invocations=1823 (full 1600):
 PSYoungGen      total 32256K, used 14847K [0x00000000f5580000, 0x00000000f8700000, 0x0000000100000000)
  eden space 14848K, 99% used [0x00000000f5580000,0x00000000f63ffff8,0x00000000f6400000)
  from space 17408K, 0% used [0x00000000f7600000,0x00000000f7600000,0x00000000f8700000)
  to   space 17920K, 0% used [0x00000000f6400000,0x00000000f6400000,0x00000000f7580000)
 ParOldGen       total 349696K, used 349696K [0x00000000e0000000, 0x00000000f5580000, 0x00000000f5580000)
  object space 349696K, 100% used [0x00000000e0000000,0x00000000f5580000,0x00000000f5580000)
 Metaspace       used 63196K, committed 64128K, reserved 1114112K
  class space    used 5905K, committed 6336K, reserved 1048576K
}
Event: 2374.450 GC heap after
{Heap after GC invocations=1823 (full 1600):
 PSYoungGen      total 32768K, used 14847K [0x00000000f5580000, 0x00000000f8700000, 0x0000000100000000)
  eden space 14848K, 99% used [0x00000000f5580000,0x00000000f63ffff8,0x00000000f6400000)
  from space 17920K, 0% used [0x00000000f6400000,0x00000000f6400000,0x00000000f7580000)
  to   space 17408K, 0% used [0x00000000f7600000,0x00000000f7600000,0x00000000f8700000)
 ParOldGen       total 349696K, used 349696K [0x00000000e0000000, 0x00000000f5580000, 0x00000000f5580000)
  object space 349696K, 100% used [0x00000000e0000000,0x00000000f5580000,0x00000000f5580000)
 Metaspace       used 63196K, committed 64128K, reserved 1114112K
  class space    used 5905K, committed 6336K, reserved 1048576K
}
Event: 2374.450 GC heap before
{Heap before GC invocations=1824 (full 1601):
 PSYoungGen      total 32768K, used 14847K [0x00000000f5580000, 0x00000000f8700000, 0x0000000100000000)
  eden space 14848K, 99% used [0x00000000f5580000,0x00000000f63ffff8,0x00000000f6400000)
  from space 17920K, 0% used [0x00000000f6400000,0x00000000f6400000,0x00000000f7580000)
  to   space 17408K, 0% used [0x00000000f7600000,0x00000000f7600000,0x00000000f8700000)
 ParOldGen       total 349696K, used 349696K [0x00000000e0000000, 0x00000000f5580000, 0x00000000f5580000)
  object space 349696K, 100% used [0x00000000e0000000,0x00000000f5580000,0x00000000f5580000)
 Metaspace       used 63196K, committed 64128K, reserved 1114112K
  class space    used 5905K, committed 6336K, reserved 1048576K
}
Event: 2375.846 GC heap after
{Heap after GC invocations=1824 (full 1601):
 PSYoungGen      total 32256K, used 14847K [0x00000000f5580000, 0x00000000f8700000, 0x0000000100000000)
  eden space 14848K, 99% used [0x00000000f5580000,0x00000000f63ffff8,0x00000000f6400000)
  from space 17408K, 0% used [0x00000000f7600000,0x00000000f7600000,0x00000000f8700000)
  to   space 17920K, 0% used [0x00000000f6400000,0x00000000f6400000,0x00000000f7580000)
 ParOldGen       total 349696K, used 349696K [0x00000000e0000000, 0x00000000f5580000, 0x00000000f5580000)
  object space 349696K, 100% used [0x00000000e0000000,0x00000000f5580000,0x00000000f5580000)
 Metaspace       used 63196K, committed 64128K, reserved 1114112K
  class space    used 5905K, committed 6336K, reserved 1048576K
}
Event: 2375.847 GC heap before
{Heap before GC invocations=1825 (full 1602):
 PSYoungGen      total 32256K, used 14847K [0x00000000f5580000, 0x00000000f8700000, 0x0000000100000000)
  eden space 14848K, 99% used [0x00000000f5580000,0x00000000f63ffff8,0x00000000f6400000)
  from space 17408K, 0% used [0x00000000f7600000,0x00000000f7600000,0x00000000f8700000)
  to   space 17920K, 0% used [0x00000000f6400000,0x00000000f6400000,0x00000000f7580000)
 ParOldGen       total 349696K, used 349696K [0x00000000e0000000, 0x00000000f5580000, 0x00000000f5580000)
  object space 349696K, 100% used [0x00000000e0000000,0x00000000f5580000,0x00000000f5580000)
 Metaspace       used 63196K, committed 64128K, reserved 1114112K
  class space    used 5905K, committed 6336K, reserved 1048576K
}
Event: 2377.300 GC heap after
{Heap after GC invocations=1825 (full 1602):
 PSYoungGen      total 32768K, used 14847K [0x00000000f5580000, 0x00000000f8700000, 0x0000000100000000)
  eden space 14848K, 99% used [0x00000000f5580000,0x00000000f63ffff8,0x00000000f6400000)
  from space 17920K, 0% used [0x00000000f6400000,0x00000000f6400000,0x00000000f7580000)
  to   space 17408K, 0% used [0x00000000f7600000,0x00000000f7600000,0x00000000f8700000)
 ParOldGen       total 349696K, used 349696K [0x00000000e0000000, 0x00000000f5580000, 0x00000000f5580000)
  object space 349696K, 100% used [0x00000000e0000000,0x00000000f5580000,0x00000000f5580000)
 Metaspace       used 63196K, committed 64128K, reserved 1114112K
  class space    used 5905K, committed 6336K, reserved 1048576K
}
Event: 2377.300 GC heap before
{Heap before GC invocations=1826 (full 1603):
 PSYoungGen      total 32768K, used 14847K [0x00000000f5580000, 0x00000000f8700000, 0x0000000100000000)
  eden space 14848K, 99% used [0x00000000f5580000,0x00000000f63ffff8,0x00000000f6400000)
  from space 17920K, 0% used [0x00000000f6400000,0x00000000f6400000,0x00000000f7580000)
  to   space 17408K, 0% used [0x00000000f7600000,0x00000000f7600000,0x00000000f8700000)
 ParOldGen       total 349696K, used 349696K [0x00000000e0000000, 0x00000000f5580000, 0x00000000f5580000)
  object space 349696K, 100% used [0x00000000e0000000,0x00000000f5580000,0x00000000f5580000)
 Metaspace       used 63196K, committed 64128K, reserved 1114112K
  class space    used 5905K, committed 6336K, reserved 1048576K
}
Event: 2378.773 GC heap after
{Heap after GC invocations=1826 (full 1603):
 PSYoungGen      total 32256K, used 14847K [0x00000000f5580000, 0x00000000f8700000, 0x0000000100000000)
  eden space 14848K, 99% used [0x00000000f5580000,0x00000000f63ffff8,0x00000000f6400000)
  from space 17408K, 0% used [0x00000000f7600000,0x00000000f7600000,0x00000000f8700000)
  to   space 17920K, 0% used [0x00000000f6400000,0x00000000f6400000,0x00000000f7580000)
 ParOldGen       total 349696K, used 349696K [0x00000000e0000000, 0x00000000f5580000, 0x00000000f5580000)
  object space 349696K, 100% used [0x00000000e0000000,0x00000000f5580000,0x00000000f5580000)
 Metaspace       used 63196K, committed 64128K, reserved 1114112K
  class space    used 5905K, committed 6336K, reserved 1048576K
}
Event: 2378.773 GC heap before
{Heap before GC invocations=1827 (full 1604):
 PSYoungGen      total 32256K, used 14847K [0x00000000f5580000, 0x00000000f8700000, 0x0000000100000000)
  eden space 14848K, 99% used [0x00000000f5580000,0x00000000f63ffff8,0x00000000f6400000)
  from space 17408K, 0% used [0x00000000f7600000,0x00000000f7600000,0x00000000f8700000)
  to   space 17920K, 0% used [0x00000000f6400000,0x00000000f6400000,0x00000000f7580000)
 ParOldGen       total 349696K, used 349696K [0x00000000e0000000, 0x00000000f5580000, 0x00000000f5580000)
  object space 349696K, 100% used [0x00000000e0000000,0x00000000f5580000,0x00000000f5580000)
 Metaspace       used 63196K, committed 64128K, reserved 1114112K
  class space    used 5905K, committed 6336K, reserved 1048576K
}
Event: 2380.068 GC heap after
{Heap after GC invocations=1827 (full 1604):
 PSYoungGen      total 32768K, used 14847K [0x00000000f5580000, 0x00000000f8700000, 0x0000000100000000)
  eden space 14848K, 99% used [0x00000000f5580000,0x00000000f63ffff8,0x00000000f6400000)
  from space 17920K, 0% used [0x00000000f6400000,0x00000000f6400000,0x00000000f7580000)
  to   space 17408K, 0% used [0x00000000f7600000,0x00000000f7600000,0x00000000f8700000)
 ParOldGen       total 349696K, used 349696K [0x00000000e0000000, 0x00000000f5580000, 0x00000000f5580000)
  object space 349696K, 100% used [0x00000000e0000000,0x00000000f5580000,0x00000000f5580000)
 Metaspace       used 63196K, committed 64128K, reserved 1114112K
  class space    used 5905K, committed 6336K, reserved 1048576K
}
Event: 2380.068 GC heap before
{Heap before GC invocations=1828 (full 1605):
 PSYoungGen      total 32768K, used 14847K [0x00000000f5580000, 0x00000000f8700000, 0x0000000100000000)
  eden space 14848K, 99% used [0x00000000f5580000,0x00000000f63ffff8,0x00000000f6400000)
  from space 17920K, 0% used [0x00000000f6400000,0x00000000f6400000,0x00000000f7580000)
  to   space 17408K, 0% used [0x00000000f7600000,0x00000000f7600000,0x00000000f8700000)
 ParOldGen       total 349696K, used 349696K [0x00000000e0000000, 0x00000000f5580000, 0x00000000f5580000)
  object space 349696K, 100% used [0x00000000e0000000,0x00000000f5580000,0x00000000f5580000)
 Metaspace       used 63196K, committed 64128K, reserved 1114112K
  class space    used 5905K, committed 6336K, reserved 1048576K
}
Event: 2382.543 GC heap after
{Heap after GC invocations=1828 (full 1605):
 PSYoungGen      total 32256K, used 14847K [0x00000000f5580000, 0x00000000f8700000, 0x0000000100000000)
  eden space 14848K, 99% used [0x00000000f5580000,0x00000000f63ffff8,0x00000000f6400000)
  from space 17408K, 0% used [0x00000000f7600000,0x00000000f7600000,0x00000000f8700000)
  to   space 17920K, 0% used [0x00000000f6400000,0x00000000f6400000,0x00000000f7580000)
 ParOldGen       total 349696K, used 349696K [0x00000000e0000000, 0x00000000f5580000, 0x00000000f5580000)
  object space 349696K, 100% used [0x00000000e0000000,0x00000000f5580000,0x00000000f5580000)
 Metaspace       used 63196K, committed 64128K, reserved 1114112K
  class space    used 5905K, committed 6336K, reserved 1048576K
}

